+ env
NNTPSERVER=news.mcgill.ca
SSH_AGENT_PID=24219
GPG_AGENT_INFO=/tmp/keyring-HeO6ZA/gpg:0:1
PVM_RSH=/usr/bin/ssh
TERM=xterm
SHELL=/usr/local/bin/bash
XDG_SESSION_COOKIE=0eb17ada96c8d87893092b8200000008-1380543368.391424-355804408
WINDOWID=41943046
GNOME_KEYRING_CONTROL=/tmp/keyring-HeO6ZA
USER=jdsilv2
rvm_stored_umask=0022
XDG_SESSION_PATH=/org/freedesktop/DisplayManager/Session29
XDG_SEAT_PATH=/org/freedesktop/DisplayManager/Seat0
SSH_AUTH_SOCK=/tmp/keyring-HeO6ZA/ssh
SESSION_MANAGER=local/lab6-25:@/tmp/.ICE-unix/24158,unix/lab6-25:/tmp/.ICE-unix/24158
DEFAULTS_PATH=/usr/share/gconf/ubuntu.default.path
ILOG_LICENSE_FILE=/usr/local/pkgs/ilog/licdir/access_1.ilm
XDG_CONFIG_DIRS=/etc/xdg/xdg-ubuntu:/etc/xdg
PATH=/usr/local/bin:/usr/lib/lightdm/lightdm:/usr/local/sbin:/usr/local/bin:/usr/sbin:/usr/bin:/sbin:/bin:/usr/games:/usr/lib/mpich-mpd/bin:/usr/local/pkgs/pc2-9.2.3/bin:/usr/local/fsl/bin
DESKTOP_SESSION=ubuntu
PWD=/home/2013/jdsilv2/comp512/demo01/tcp/scripts
GNOME_KEYRING_PID=24147
LANG=en_CA.UTF-8
MANDATORY_PATH=/usr/share/gconf/ubuntu.mandatory.path
NODE_PATH=/usr/lib/node_modules:/usr/lib/nodejs:/usr/share/javascript
UBUNTU_MENUPROXY=libappmenu.so
COMPIZ_CONFIG_PROFILE=ubuntu
CPLEXLICDIR=/usr/local/pkgs/cplex-6/licdir
GDMSESSION=ubuntu
HOME=/home/2013/jdsilv2
SHLVL=2
LANGUAGE=en_CA:en
SRC512_HOME=/home/2013/jdsilv2/comp512/demo01/tcp
GNOME_DESKTOP_SESSION_ID=this-is-deprecated
LOGNAME=jdsilv2
FSLDIR=/usr/local/fsl
XDG_DATA_DIRS=/usr/share/ubuntu:/usr/share/gnome:/usr/local/share/:/usr/share/
DBUS_SESSION_BUS_ADDRESS=unix:abstract=/tmp/dbus-jHqmOEXnoV,guid=79571c1119b5eeb59677b0d60007e040
GCONF_LOCAL_LOCKS=1
DISPLAY=:0
XDG_CURRENT_DESKTOP=Unity
COLORTERM=gnome-terminal
XAUTHORITY=/home/2013/jdsilv2/.Xauthority
_=/usr/bin/env
OLDPWD=/home/2013/jdsilv2/comp512/demo01/tcp/scripts
JAVAC=javac
SCRIPT_DIR=/home/2013/jdsilv2/comp512/demo01/tcp/scripts
CHARON_CLASSPATH=/home/2013/jdsilv2/comp512/demo01/tcp/tools/charon.jar
LOG_DIR=/home/2013/jdsilv2/comp512/demo01/tcp/logs
SHARED_SRC=/home/2013/jdsilv2/comp512/demo01/tcp/srvrshared
CLIENT_SRC=/home/2013/jdsilv2/comp512/demo01/tcp/clientsrc
SERVER_SRC=/home/2013/jdsilv2/comp512/demo01/tcp/servercode
MIDW_SRC=/home/2013/jdsilv2/comp512/demo01/tcp/middleware
HTL_SRVR_RO_OBJ_NAME=HTL_ResourceManager
HTL_SRVR_RO_REGISTRY_HOST=open-20
HTL_SRVR_RO_PORT=7480
CAR_SRVR_RO_OBJ_NAME=CAR_ResourceManager
CAR_SRVR_RO_REGISTRY_HOST=open-21
CAR_SRVR_RO_PORT=7470
FLT_SRVR_RO_OBJ_NAME=FLT_ResourceManager
FLT_SRVR_RO_REGISTRY_HOST=open-22
FLT_SRVR_RO_PORT=7460
MIDW_RO_OBJ_NAME=MWLayer
MIDW_RO_REGISTRY_HOST=open-23
MIDW_RO_PORT=7450
+ export 'SRVR_RO_OBJ_NAME=HTL_ResourceManager'
+ export 'SRVR_RO_PORT=7480'
+ java -cp /home/2013/jdsilv2/comp512/demo01/tcp/tools/charon.jar:/home/2013/jdsilv2/comp512/demo01/tcp/servercode:/home/2013/jdsilv2/comp512/demo01/tcp/srvrshared/G13Shared.jar ResImpl.ResourceManagerImpl
Server ready
